Using pre-set license
Built from '2021.3/staging' branch; Version is '2021.3.15f1 (e8e88683f834) revision 15263878'; Using compiler version '192829333'; Build Type 'Release'
OS: 'Windows 11  (10.0.22631) 64bit Professional' Language: 'tr' Physical Memory: 16163 MB
BatchMode: 1, IsHumanControllingUs: 0, StartBugReporterOnCrash: 0, Is64bit: 1, IsPro: 1

COMMAND LINE ARGUMENTS:
C:\Program Files\Unity\Hub\Editor\2021.3.15f1\Editor\Unity.exe
-adb2
-batchMode
-noUpm
-name
AssetImportWorker2
-projectPath
C:/Users/citri/OneDrive/Masaüstü/WallJumpGame/Wall Jump Game
-logFile
Logs/AssetImportWorker2.log
-srvPort
51847
Successfully changed project path to: C:/Users/citri/OneDrive/Masaüstü/WallJumpGame/Wall Jump Game
C:/Users/citri/OneDrive/Masaüstü/WallJumpGame/Wall Jump Game
[UnityMemory] Configuration Parameters - Can be set up in boot.config
    "memorysetup-bucket-allocator-granularity=16"
    "memorysetup-bucket-allocator-bucket-count=8"
    "memorysetup-bucket-allocator-block-size=33554432"
    "memorysetup-bucket-allocator-block-count=8"
    "memorysetup-main-allocator-block-size=16777216"
    "memorysetup-thread-allocator-block-size=16777216"
    "memorysetup-gfx-main-allocator-block-size=16777216"
    "memorysetup-gfx-thread-allocator-block-size=16777216"
    "memorysetup-cache-allocator-block-size=4194304"
    "memorysetup-typetree-allocator-block-size=2097152"
    "memorysetup-profiler-bucket-allocator-granularity=16"
    "memorysetup-profiler-bucket-allocator-bucket-count=8"
    "memorysetup-profiler-bucket-allocator-block-size=33554432"
    "memorysetup-profiler-bucket-allocator-block-count=8"
    "memorysetup-profiler-allocator-block-size=16777216"
    "memorysetup-profiler-editor-allocator-block-size=1048576"
    "memorysetup-temp-allocator-size-main=16777216"
    "memorysetup-job-temp-allocator-block-size=2097152"
    "memorysetup-job-temp-allocator-block-size-background=1048576"
    "memorysetup-job-temp-allocator-reduction-small-platforms=262144"
    "memorysetup-temp-allocator-size-background-worker=32768"
    "memorysetup-temp-allocator-size-job-worker=262144"
    "memorysetup-temp-allocator-size-preload-manager=33554432"
    "memorysetup-temp-allocator-size-nav-mesh-worker=65536"
    "memorysetup-temp-allocator-size-audio-worker=65536"
    "memorysetup-temp-allocator-size-cloud-worker=32768"
    "memorysetup-temp-allocator-size-gi-baking-worker=262144"
    "memorysetup-temp-allocator-size-gfx=262144"
Player connection [11748] Host "[IP] 192.168.1.28 [Port] 0 [Flags] 2 [Guid] 349082839 [EditorId] 349082839 [Version] 1048832 [Id] WindowsEditor(7,Eren) [Debug] 1 [PackageName] WindowsEditor [ProjectName] Editor" joined multi-casting on [225.0.0.222:54997]...

Player connection [11748] Host "[IP] 192.168.1.28 [Port] 0 [Flags] 2 [Guid] 349082839 [EditorId] 349082839 [Version] 1048832 [Id] WindowsEditor(7,Eren) [Debug] 1 [PackageName] WindowsEditor [ProjectName] Editor" joined alternative multi-casting on [225.0.0.222:34997]...

Refreshing native plugins compatible for Editor in 123.77 ms, found 4 plugins.
Preloading 0 native plugins for Editor in 0.00 ms.
Initialize engine version: 2021.3.15f1 (e8e88683f834)
[Subsystems] Discovering subsystems at path C:/Program Files/Unity/Hub/Editor/2021.3.15f1/Editor/Data/Resources/UnitySubsystems
[Subsystems] Discovering subsystems at path C:/Users/citri/OneDrive/Masaüstü/WallJumpGame/Wall Jump Game/Assets
GfxDevice: creating device client; threaded=0; jobified=0
Direct3D:
    Version:  Direct3D 11.0 [level 11.1]
    Renderer: NVIDIA GeForce RTX 3050 Ti Laptop GPU (ID=0x25a0)
    Vendor:   NVIDIA
    VRAM:     3962 MB
    Driver:   32.0.15.6070
Initialize mono
Mono path[0] = 'C:/Program Files/Unity/Hub/Editor/2021.3.15f1/Editor/Data/Managed'
Mono path[1] = 'C:/Program Files/Unity/Hub/Editor/2021.3.15f1/Editor/Data/MonoBleedingEdge/lib/mono/unityjit-win32'
Mono config path = 'C:/Program Files/Unity/Hub/Editor/2021.3.15f1/Editor/Data/MonoBleedingEdge/etc'
Using monoOptions --debugger-agent=transport=dt_socket,embedding=1,server=y,suspend=n,address=127.0.0.1:56804
Begin MonoManager ReloadAssembly
Registering precompiled unity dll's ...
Register platform support module: C:/Program Files/Unity/Hub/Editor/2021.3.15f1/Editor/Data/PlaybackEngines/AndroidPlayer/UnityEditor.Android.Extensions.dll
Register platform support module: C:/Program Files/Unity/Hub/Editor/2021.3.15f1/Editor/Data/PlaybackEngines/WindowsStandaloneSupport/UnityEditor.WindowsStandalone.Extensions.dll
Register platform support module: C:/Program Files/Unity/Hub/Editor/2021.3.15f1/Editor/Data/PlaybackEngines/MetroSupport/UnityEditor.UWP.Extensions.dll
Registered in 0.008046 seconds.
Native extension for UWP target not found
Native extension for WindowsStandalone target not found
Native extension for Android target not found
Refreshing native plugins compatible for Editor in 117.26 ms, found 4 plugins.
Preloading 0 native plugins for Editor in 0.00 ms.
Mono: successfully reloaded assembly
- Completed reload, in  0.753 seconds
Domain Reload Profiling:
	ReloadAssembly (754ms)
		BeginReloadAssembly (86ms)
			ExecutionOrderSort (0ms)
			DisableScriptedObjects (0ms)
			BackupInstance (0ms)
			ReleaseScriptingObjects (0ms)
			CreateAndSetChildDomain (1ms)
		EndReloadAssembly (548ms)
			LoadAssemblies (83ms)
			RebuildTransferFunctionScriptingTraits (0ms)
			SetupTypeCache (125ms)
			ReleaseScriptCaches (0ms)
			RebuildScriptCaches (36ms)
			SetupLoadedEditorAssemblies (329ms)
				LogAssemblyErrors (0ms)
				InitializePlatformSupportModulesInManaged (56ms)
				SetLoadedEditorAssemblies (0ms)
				RefreshPlugins (117ms)
				BeforeProcessingInitializeOnLoad (1ms)
				ProcessInitializeOnLoadAttributes (105ms)
				ProcessInitializeOnLoadMethodAttributes (49ms)
				AfterProcessingInitializeOnLoad (0ms)
				EditorAssembliesLoaded (0ms)
			ExecutionOrderSort2 (0ms)
			AwakeInstancesAfterBackupRestoration (0ms)
Platform modules already initialized, skipping
Registering precompiled user dll's ...
Registered in 0.007681 seconds.
Begin MonoManager ReloadAssembly
Symbol file LoadedFromMemory doesn't match image C:\Users\citri\OneDrive\Masaüstü\WallJumpGame\Wall Jump Game\Library\PackageCache\com.unity.visualscripting@1.7.8\Editor\VisualScripting.Core\Dependencies\YamlDotNet\Unity.VisualScripting.YamlDotNet.dll
Symbol file LoadedFromMemory doesn't match image C:\Users\citri\OneDrive\Masaüstü\WallJumpGame\Wall Jump Game\Library\PackageCache\com.unity.visualscripting@1.7.8\Editor\VisualScripting.Core\Dependencies\DotNetZip\Unity.VisualScripting.IonicZip.dll
Native extension for UWP target not found
Native extension for WindowsStandalone target not found
Native extension for Android target not found
Refreshing native plugins compatible for Editor in 102.15 ms, found 4 plugins.
Preloading 0 native plugins for Editor in 0.00 ms.
Mono: successfully reloaded assembly
Package Manager log level set to [2]
- Completed reload, in  1.447 seconds
Domain Reload Profiling:
	ReloadAssembly (1448ms)
		BeginReloadAssembly (221ms)
			ExecutionOrderSort (0ms)
			DisableScriptedObjects (6ms)
			BackupInstance (0ms)
			ReleaseScriptingObjects (0ms)
			CreateAndSetChildDomain (120ms)
		EndReloadAssembly (1077ms)
			LoadAssemblies (111ms)
			RebuildTransferFunctionScriptingTraits (0ms)
			SetupTypeCache (267ms)
			ReleaseScriptCaches (1ms)
			RebuildScriptCaches (61ms)
			SetupLoadedEditorAssemblies (588ms)
				LogAssemblyErrors (0ms)
				InitializePlatformSupportModulesInManaged (13ms)
				SetLoadedEditorAssemblies (0ms)
				RefreshPlugins (102ms)
				BeforeProcessingInitializeOnLoad (162ms)
				ProcessInitializeOnLoadAttributes (263ms)
				ProcessInitializeOnLoadMethodAttributes (39ms)
				AfterProcessingInitializeOnLoad (8ms)
				EditorAssembliesLoaded (0ms)
			ExecutionOrderSort2 (0ms)
			AwakeInstancesAfterBackupRestoration (5ms)
Platform modules already initialized, skipping
========================================================================
Worker process is ready to serve import requests
Launched and connected shader compiler UnityShaderCompiler.exe after 0.06 seconds
Refreshing native plugins compatible for Editor in 0.89 ms, found 4 plugins.
Preloading 0 native plugins for Editor in 0.00 ms.
Unloading 4366 Unused Serialized files (Serialized files now loaded: 0)
Unloading 61 unused Assets / (228.9 KB). Loaded Objects now: 4803.
Memory consumption went from 162.3 MB to 162.1 MB.
Total: 4.618500 ms (FindLiveObjects: 0.392200 ms CreateObjectMapping: 0.144700 ms MarkObjects: 3.778400 ms  DeleteObjects: 0.301300 ms)

AssetImportParameters requested are different than current active one (requested -> active):
  custom:video-decoder-ogg-theora: a1e56fd34408186e4bbccfd4996cb3dc -> 
  custom:container-muxer-webm: aa71ff27fc2769a1b78a27578f13a17b -> 
  custom:container-demuxer-webm: 4f35f7cbe854078d1ac9338744f61a02 -> 
  custom:video-encoder-webm-vp8: eb34c28f22e8b96e1ab97ce403110664 -> 
  custom:video-codec-MediaFoundation-h265: 746d11721c4dcdbdad8f713fa42b33f4 -> 
  custom:audio-encoder-webm-vorbis: bf7c407c2cedff20999df2af8eb42d56 -> 
  custom:framework-win-MediaFoundation: 216162199b28c13a410421893ffa2e32 -> 
  custom:container-demuxer-ogg: 62fdf1f143b41e24485cea50d1cbac27 -> 
  custom:video-decoder-webm-vp8: 9c59270c3fd7afecdb556c50c9e8de78 -> 
  custom:audio-decoder-ogg-vorbis: bf7c407c2cedff20999df2af8eb42d56 -> 
========================================================================
Received Import Request.
  Time since last request: 429979.031452 seconds.
  path: Assets/GameRelated/Obstacles/TriangleEnemy.prefab
  artifactKey: Guid(bc5647b6f3a578440863b0b943f99e2c) Importer(815301076,1909f56bfc062723c751e8b465ee728b)
Start importing Assets/GameRelated/Obstacles/TriangleEnemy.prefab using Guid(bc5647b6f3a578440863b0b943f99e2c) Importer(815301076,1909f56bfc062723c751e8b465ee728b)  -> (artifact id: '0addb8fff38c8f5ab827dda2cd72a772') in 0.130499 seconds 
========================================================================
Received Import Request.
  Time since last request: 0.000026 seconds.
  path: Assets/GameRelated/Obstacles/BouncyWall.prefab
  artifactKey: Guid(182313ed5d5d9c74a98d1e731bf05cc8) Importer(815301076,1909f56bfc062723c751e8b465ee728b)
Start importing Assets/GameRelated/Obstacles/BouncyWall.prefab using Guid(182313ed5d5d9c74a98d1e731bf05cc8) Importer(815301076,1909f56bfc062723c751e8b465ee728b)  -> (artifact id: '98401bd7b5a27831060012a1bf4c16d7') in 0.024764 seconds 
========================================================================
Received Import Request.
  Time since last request: 0.000034 seconds.
  path: Assets/GameRelated/Obstacles/Laser.prefab
  artifactKey: Guid(0f85a5d49df356e4480204f8e09df056) Importer(815301076,1909f56bfc062723c751e8b465ee728b)
Start importing Assets/GameRelated/Obstacles/Laser.prefab using Guid(0f85a5d49df356e4480204f8e09df056) Importer(815301076,1909f56bfc062723c751e8b465ee728b)  -> (artifact id: 'a3aed14710bac9cd00920372d443248e') in 0.034508 seconds 
========================================================================
Received Import Request.
  Time since last request: 5.242292 seconds.
  path: Assets/GameRelated/OtherSprite/buton.png
  artifactKey: Guid(79875e3372a717143b52ca8324384be6) Importer(815301076,1909f56bfc062723c751e8b465ee728b)
Start importing Assets/GameRelated/OtherSprite/buton.png using Guid(79875e3372a717143b52ca8324384be6) Importer(815301076,1909f56bfc062723c751e8b465ee728b)  -> (artifact id: 'a6dbf334f016ec8e6e79b6a7bf703e85') in 0.048427 seconds 
========================================================================
Received Import Request.
  Time since last request: 15.810062 seconds.
  path: Assets/GameRelated/Obstacles/Laser.prefab
  artifactKey: Guid(0f85a5d49df356e4480204f8e09df056) Importer(815301076,1909f56bfc062723c751e8b465ee728b)
Start importing Assets/GameRelated/Obstacles/Laser.prefab using Guid(0f85a5d49df356e4480204f8e09df056) Importer(815301076,1909f56bfc062723c751e8b465ee728b)  -> (artifact id: 'd82c8186db001724077814120b1644c3') in 0.009940 seconds 
========================================================================
Received Import Request.
  Time since last request: 244.699031 seconds.
  path: Assets/TextMesh Pro/Examples & Extras/Materials/Crate - Surface Shader Scene.mat
  artifactKey: Guid(e6b9b44320f4448d9d5e0ee634259966) Importer(815301076,1909f56bfc062723c751e8b465ee728b)
Start importing Assets/TextMesh Pro/Examples & Extras/Materials/Crate - Surface Shader Scene.mat using Guid(e6b9b44320f4448d9d5e0ee634259966) Importer(815301076,1909f56bfc062723c751e8b465ee728b)  -> (artifact id: '8820c5d712565fd6e87b0b6661258e64') in 0.316565 seconds 
========================================================================
Received Import Request.
  Time since last request: 5.057274 seconds.
  path: Assets/GameRelated/Scripts/Enemies/Enemy.cs
  artifactKey: Guid(4db3350ccabd83942884396f6f718483) Importer(815301076,1909f56bfc062723c751e8b465ee728b)
Start importing Assets/GameRelated/Scripts/Enemies/Enemy.cs using Guid(4db3350ccabd83942884396f6f718483) Importer(815301076,1909f56bfc062723c751e8b465ee728b)  -> (artifact id: 'fda576fa0f05f396361026f538a2ffff') in 0.054226 seconds 
========================================================================
Received Import Request.
  Time since last request: 0.955224 seconds.
  path: Assets/GameRelated/Scripts/Enemy.cs
  artifactKey: Guid(fe0397939f6c98b43b984bc0b752d509) Importer(815301076,1909f56bfc062723c751e8b465ee728b)
Start importing Assets/GameRelated/Scripts/Enemy.cs using Guid(fe0397939f6c98b43b984bc0b752d509) Importer(815301076,1909f56bfc062723c751e8b465ee728b)  -> (artifact id: '19df249ea3ffc7483ddb8791d4f5b67e') in 0.003049 seconds 
========================================================================
Received Import Request.
  Time since last request: 41.013782 seconds.
  path: Assets/GameRelated/Obstacles/CubeEnemy.prefab
  artifactKey: Guid(7e49d41f120a0af44b78cc6a958ca3b4) Importer(815301076,1909f56bfc062723c751e8b465ee728b)
Start importing Assets/GameRelated/Obstacles/CubeEnemy.prefab using Guid(7e49d41f120a0af44b78cc6a958ca3b4) Importer(815301076,1909f56bfc062723c751e8b465ee728b) Tried select unknown importer for id '-2' '00000000000000000000000000000000'
0x00007ff60f9fc77d (Unity) StackWalker::GetCurrentCallstack
0x00007ff60fa03339 (Unity) StackWalker::ShowCallstack
0x00007ff610970003 (Unity) GetStacktrace
0x00007ff61100fe1d (Unity) DebugStringToFile
0x00007ff61100fb42 (Unity) AssertImplementation
0x00007ff610c52def (Unity) AssetDatabase::LookupAssetImporter
0x00007ff610c4f3fe (Unity) PreviewImporter::GenerateAssetData
0x00007ff610c955de (Unity) ImportToObjects
0x00007ff610c94543 (Unity) ImportAsset
0x00007ff610cb6f82 (Unity) AssetImportWorker::Import
0x00007ff610d1dee4 (Unity) <lambda_61a9544df00a9e76ece93a9d8f6ff838>::operator()
0x00007ff610d5eaa2 (Unity) asio::detail::completion_handler<core::mutable_function<void __cdecl(void)>,asio::io_context::basic_executor_type<std::allocator<void>,0> >::do_complete
0x00007ff610d4a98e (Unity) asio::detail::win_iocp_io_context::do_one
0x00007ff610d4c5f4 (Unity) asio::detail::win_iocp_io_context::run
0x00007ff610d5ce8e (Unity) IOService::Run
0x00007ff610d2fa9f (Unity) AssetImportWorkerClient::Run
0x00007ff610cf9ae3 (Unity) RunAssetImportWorkerClientV2
0x00007ff610cf9b6b (Unity) RunAssetImporterV2
0x00007ff610516208 (Unity) Application::InitializeProject
0x00007ff61097a758 (Unity) WinMain
0x00007ff611d1cade (Unity) __scrt_common_main_seh
0x00007ffd640d257d (KERNEL32) BaseThreadInitThunk
0x00007ffd64a0af28 (ntdll) RtlUserThreadStart

 -> (artifact id: '90ec8a322bf807bdb673b44933f9261d') in 1.136889 seconds 
========================================================================
Received Import Request.
  Time since last request: 2.494404 seconds.
  path: Assets/GameRelated/Scripts/Enemies/LaserEnemy.cs
  artifactKey: Guid(cb8a1bbec852aeb43b366aec0423b6ec) Importer(815301076,1909f56bfc062723c751e8b465ee728b)
Start importing Assets/GameRelated/Scripts/Enemies/LaserEnemy.cs using Guid(cb8a1bbec852aeb43b366aec0423b6ec) Importer(815301076,1909f56bfc062723c751e8b465ee728b)  -> (artifact id: 'fc6fcee9652b5a658d252a4fce3f42af') in 0.008807 seconds 
========================================================================
Received Import Request.
  Time since last request: 0.000744 seconds.
  path: Assets/GameRelated/Obstacles/TriangleEnemy.prefab
  artifactKey: Guid(bc5647b6f3a578440863b0b943f99e2c) Importer(815301076,1909f56bfc062723c751e8b465ee728b)
Start importing Assets/GameRelated/Obstacles/TriangleEnemy.prefab using Guid(bc5647b6f3a578440863b0b943f99e2c) Importer(815301076,1909f56bfc062723c751e8b465ee728b) Tried select unknown importer for id '-2' '00000000000000000000000000000000'
0x00007ff60f9fc77d (Unity) StackWalker::GetCurrentCallstack
0x00007ff60fa03339 (Unity) StackWalker::ShowCallstack
0x00007ff610970003 (Unity) GetStacktrace
0x00007ff61100fe1d (Unity) DebugStringToFile
0x00007ff61100fb42 (Unity) AssertImplementation
0x00007ff610c52def (Unity) AssetDatabase::LookupAssetImporter
0x00007ff610c4f3fe (Unity) PreviewImporter::GenerateAssetData
0x00007ff610c955de (Unity) ImportToObjects
0x00007ff610c94543 (Unity) ImportAsset
0x00007ff610cb6f82 (Unity) AssetImportWorker::Import
0x00007ff610d1dee4 (Unity) <lambda_61a9544df00a9e76ece93a9d8f6ff838>::operator()
0x00007ff610d5eaa2 (Unity) asio::detail::completion_handler<core::mutable_function<void __cdecl(void)>,asio::io_context::basic_executor_type<std::allocator<void>,0> >::do_complete
0x00007ff610d4a98e (Unity) asio::detail::win_iocp_io_context::do_one
0x00007ff610d4c5f4 (Unity) asio::detail::win_iocp_io_context::run
0x00007ff610d5ce8e (Unity) IOService::Run
0x00007ff610d2fa9f (Unity) AssetImportWorkerClient::Run
0x00007ff610cf9ae3 (Unity) RunAssetImportWorkerClientV2
0x00007ff610cf9b6b (Unity) RunAssetImporterV2
0x00007ff610516208 (Unity) Application::InitializeProject
0x00007ff61097a758 (Unity) WinMain
0x00007ff611d1cade (Unity) __scrt_common_main_seh
0x00007ffd640d257d (KERNEL32) BaseThreadInitThunk
0x00007ffd64a0af28 (ntdll) RtlUserThreadStart

 -> (artifact id: '14ece93937cff0390b9d33aeca123448') in 0.023864 seconds 
========================================================================
Received Import Request.
  Time since last request: 1.291254 seconds.
  path: Assets/GameRelated/Scripts/LaserEnemy.cs
  artifactKey: Guid(45b8bd2742a19fe47bc9933e06f0ddc2) Importer(815301076,1909f56bfc062723c751e8b465ee728b)
Start importing Assets/GameRelated/Scripts/LaserEnemy.cs using Guid(45b8bd2742a19fe47bc9933e06f0ddc2) Importer(815301076,1909f56bfc062723c751e8b465ee728b)  -> (artifact id: 'd6aa608c44d3a389624bb2569dee65b5') in 0.003935 seconds 
========================================================================
Received Import Request.
  Time since last request: 16.769012 seconds.
  path: Assets/GameRelated/Scripts/Enemies/WhipEnemy.cs
  artifactKey: Guid(ebc9996bf07490645b1701430187be7f) Importer(815301076,1909f56bfc062723c751e8b465ee728b)
Start importing Assets/GameRelated/Scripts/Enemies/WhipEnemy.cs using Guid(ebc9996bf07490645b1701430187be7f) Importer(815301076,1909f56bfc062723c751e8b465ee728b)  -> (artifact id: 'dc86fd8a40ef02f4adf4375859d304e9') in 0.010200 seconds 
========================================================================
Received Prepare
Registering precompiled user dll's ...
Registered in 0.010146 seconds.
Begin MonoManager ReloadAssembly
Symbol file LoadedFromMemory doesn't match image C:\Users\citri\OneDrive\Masaüstü\WallJumpGame\Wall Jump Game\Library\PackageCache\com.unity.visualscripting@1.7.8\Editor\VisualScripting.Core\Dependencies\YamlDotNet\Unity.VisualScripting.YamlDotNet.dll
Symbol file LoadedFromMemory doesn't match image C:\Users\citri\OneDrive\Masaüstü\WallJumpGame\Wall Jump Game\Library\PackageCache\com.unity.visualscripting@1.7.8\Editor\VisualScripting.Core\Dependencies\DotNetZip\Unity.VisualScripting.IonicZip.dll
Native extension for UWP target not found
Native extension for WindowsStandalone target not found
Native extension for Android target not found
Refreshing native plugins compatible for Editor in 0.90 ms, found 4 plugins.
Preloading 0 native plugins for Editor in 0.00 ms.
Mono: successfully reloaded assembly
- Completed reload, in  1.117 seconds
Domain Reload Profiling:
	ReloadAssembly (1118ms)
		BeginReloadAssembly (149ms)
			ExecutionOrderSort (0ms)
			DisableScriptedObjects (9ms)
			BackupInstance (0ms)
			ReleaseScriptingObjects (0ms)
			CreateAndSetChildDomain (41ms)
		EndReloadAssembly (859ms)
			LoadAssemblies (104ms)
			RebuildTransferFunctionScriptingTraits (0ms)
			SetupTypeCache (250ms)
			ReleaseScriptCaches (2ms)
			RebuildScriptCaches (43ms)
			SetupLoadedEditorAssemblies (422ms)
				LogAssemblyErrors (0ms)
				InitializePlatformSupportModulesInManaged (21ms)
				SetLoadedEditorAssemblies (1ms)
				RefreshPlugins (1ms)
				BeforeProcessingInitializeOnLoad (79ms)
				ProcessInitializeOnLoadAttributes (265ms)
				ProcessInitializeOnLoadMethodAttributes (47ms)
				AfterProcessingInitializeOnLoad (8ms)
				EditorAssembliesLoaded (0ms)
			ExecutionOrderSort2 (0ms)
			AwakeInstancesAfterBackupRestoration (9ms)
Platform modules already initialized, skipping
Refreshing native plugins compatible for Editor in 8.71 ms, found 4 plugins.
Preloading 0 native plugins for Editor in 0.00 ms.
Unloading 4345 Unused Serialized files (Serialized files now loaded: 0)
Unloading 51 unused Assets / (195.7 KB). Loaded Objects now: 4848.
Memory consumption went from 165.8 MB to 165.6 MB.
Total: 4.788900 ms (FindLiveObjects: 0.405200 ms CreateObjectMapping: 0.363300 ms MarkObjects: 3.774900 ms  DeleteObjects: 0.244200 ms)

AssetImportParameters requested are different than current active one (requested -> active):
  custom:video-decoder-ogg-theora: a1e56fd34408186e4bbccfd4996cb3dc -> 
  custom:container-muxer-webm: aa71ff27fc2769a1b78a27578f13a17b -> 
  custom:container-demuxer-webm: 4f35f7cbe854078d1ac9338744f61a02 -> 
  custom:video-encoder-webm-vp8: eb34c28f22e8b96e1ab97ce403110664 -> 
  custom:video-codec-MediaFoundation-h265: 746d11721c4dcdbdad8f713fa42b33f4 -> 
  custom:audio-encoder-webm-vorbis: bf7c407c2cedff20999df2af8eb42d56 -> 
  custom:framework-win-MediaFoundation: 216162199b28c13a410421893ffa2e32 -> 
  custom:container-demuxer-ogg: 62fdf1f143b41e24485cea50d1cbac27 -> 
  custom:video-decoder-webm-vp8: 9c59270c3fd7afecdb556c50c9e8de78 -> 
  custom:audio-decoder-ogg-vorbis: bf7c407c2cedff20999df2af8eb42d56 -> 
========================================================================
Received Prepare
Registering precompiled user dll's ...
Registered in 0.007804 seconds.
Begin MonoManager ReloadAssembly
Symbol file LoadedFromMemory doesn't match image C:\Users\citri\OneDrive\Masaüstü\WallJumpGame\Wall Jump Game\Library\PackageCache\com.unity.visualscripting@1.7.8\Editor\VisualScripting.Core\Dependencies\YamlDotNet\Unity.VisualScripting.YamlDotNet.dll
Symbol file LoadedFromMemory doesn't match image C:\Users\citri\OneDrive\Masaüstü\WallJumpGame\Wall Jump Game\Library\PackageCache\com.unity.visualscripting@1.7.8\Editor\VisualScripting.Core\Dependencies\DotNetZip\Unity.VisualScripting.IonicZip.dll
Native extension for UWP target not found
Native extension for WindowsStandalone target not found
Native extension for Android target not found
Refreshing native plugins compatible for Editor in 1.18 ms, found 4 plugins.
Preloading 0 native plugins for Editor in 0.00 ms.
Mono: successfully reloaded assembly
- Completed reload, in  1.357 seconds
Domain Reload Profiling:
	ReloadAssembly (1358ms)
		BeginReloadAssembly (139ms)
			ExecutionOrderSort (0ms)
			DisableScriptedObjects (9ms)
			BackupInstance (0ms)
			ReleaseScriptingObjects (0ms)
			CreateAndSetChildDomain (42ms)
		EndReloadAssembly (1048ms)
			LoadAssemblies (116ms)
			RebuildTransferFunctionScriptingTraits (0ms)
			SetupTypeCache (272ms)
			ReleaseScriptCaches (2ms)
			RebuildScriptCaches (71ms)
			SetupLoadedEditorAssemblies (498ms)
				LogAssemblyErrors (0ms)
				InitializePlatformSupportModulesInManaged (32ms)
				SetLoadedEditorAssemblies (0ms)
				RefreshPlugins (1ms)
				BeforeProcessingInitializeOnLoad (128ms)
				ProcessInitializeOnLoadAttributes (272ms)
				ProcessInitializeOnLoadMethodAttributes (54ms)
				AfterProcessingInitializeOnLoad (10ms)
				EditorAssembliesLoaded (0ms)
			ExecutionOrderSort2 (0ms)
			AwakeInstancesAfterBackupRestoration (14ms)
Platform modules already initialized, skipping
Refreshing native plugins compatible for Editor in 5.43 ms, found 4 plugins.
Preloading 0 native plugins for Editor in 0.00 ms.
Unloading 4345 Unused Serialized files (Serialized files now loaded: 0)
Unloading 48 unused Assets / (195.7 KB). Loaded Objects now: 4851.
Memory consumption went from 165.8 MB to 165.6 MB.
Total: 4.452300 ms (FindLiveObjects: 0.420400 ms CreateObjectMapping: 0.342900 ms MarkObjects: 3.512800 ms  DeleteObjects: 0.174000 ms)

AssetImportParameters requested are different than current active one (requested -> active):
  custom:video-decoder-ogg-theora: a1e56fd34408186e4bbccfd4996cb3dc -> 
  custom:container-muxer-webm: aa71ff27fc2769a1b78a27578f13a17b -> 
  custom:container-demuxer-webm: 4f35f7cbe854078d1ac9338744f61a02 -> 
  custom:video-encoder-webm-vp8: eb34c28f22e8b96e1ab97ce403110664 -> 
  custom:video-codec-MediaFoundation-h265: 746d11721c4dcdbdad8f713fa42b33f4 -> 
  custom:audio-encoder-webm-vorbis: bf7c407c2cedff20999df2af8eb42d56 -> 
  custom:framework-win-MediaFoundation: 216162199b28c13a410421893ffa2e32 -> 
  custom:container-demuxer-ogg: 62fdf1f143b41e24485cea50d1cbac27 -> 
  custom:video-decoder-webm-vp8: 9c59270c3fd7afecdb556c50c9e8de78 -> 
  custom:audio-decoder-ogg-vorbis: bf7c407c2cedff20999df2af8eb42d56 -> 
========================================================================
Received Prepare
Registering precompiled user dll's ...
Registered in 0.011213 seconds.
Begin MonoManager ReloadAssembly
Symbol file LoadedFromMemory doesn't match image C:\Users\citri\OneDrive\Masaüstü\WallJumpGame\Wall Jump Game\Library\PackageCache\com.unity.visualscripting@1.7.8\Editor\VisualScripting.Core\Dependencies\YamlDotNet\Unity.VisualScripting.YamlDotNet.dll
Symbol file LoadedFromMemory doesn't match image C:\Users\citri\OneDrive\Masaüstü\WallJumpGame\Wall Jump Game\Library\PackageCache\com.unity.visualscripting@1.7.8\Editor\VisualScripting.Core\Dependencies\DotNetZip\Unity.VisualScripting.IonicZip.dll
Native extension for UWP target not found
Native extension for WindowsStandalone target not found
Native extension for Android target not found
Refreshing native plugins compatible for Editor in 1.04 ms, found 4 plugins.
Preloading 0 native plugins for Editor in 0.00 ms.
Mono: successfully reloaded assembly
- Completed reload, in  1.183 seconds
Domain Reload Profiling:
	ReloadAssembly (1184ms)
		BeginReloadAssembly (129ms)
			ExecutionOrderSort (0ms)
			DisableScriptedObjects (6ms)
			BackupInstance (0ms)
			ReleaseScriptingObjects (0ms)
			CreateAndSetChildDomain (39ms)
		EndReloadAssembly (941ms)
			LoadAssemblies (103ms)
			RebuildTransferFunctionScriptingTraits (0ms)
			SetupTypeCache (270ms)
			ReleaseScriptCaches (3ms)
			RebuildScriptCaches (67ms)
			SetupLoadedEditorAssemblies (425ms)
				LogAssemblyErrors (0ms)
				InitializePlatformSupportModulesInManaged (42ms)
				SetLoadedEditorAssemblies (0ms)
				RefreshPlugins (1ms)
				BeforeProcessingInitializeOnLoad (92ms)
				ProcessInitializeOnLoadAttributes (244ms)
				ProcessInitializeOnLoadMethodAttributes (37ms)
				AfterProcessingInitializeOnLoad (9ms)
				EditorAssembliesLoaded (0ms)
			ExecutionOrderSort2 (0ms)
			AwakeInstancesAfterBackupRestoration (11ms)
Platform modules already initialized, skipping
Refreshing native plugins compatible for Editor in 9.00 ms, found 4 plugins.
Preloading 0 native plugins for Editor in 0.00 ms.
Unloading 4345 Unused Serialized files (Serialized files now loaded: 0)
Unloading 48 unused Assets / (195.7 KB). Loaded Objects now: 4854.
Memory consumption went from 165.8 MB to 165.6 MB.
Total: 4.857500 ms (FindLiveObjects: 0.487900 ms CreateObjectMapping: 0.349100 ms MarkObjects: 3.728600 ms  DeleteObjects: 0.290300 ms)

AssetImportParameters requested are different than current active one (requested -> active):
  custom:video-decoder-ogg-theora: a1e56fd34408186e4bbccfd4996cb3dc -> 
  custom:container-muxer-webm: aa71ff27fc2769a1b78a27578f13a17b -> 
  custom:container-demuxer-webm: 4f35f7cbe854078d1ac9338744f61a02 -> 
  custom:video-encoder-webm-vp8: eb34c28f22e8b96e1ab97ce403110664 -> 
  custom:video-codec-MediaFoundation-h265: 746d11721c4dcdbdad8f713fa42b33f4 -> 
  custom:audio-encoder-webm-vorbis: bf7c407c2cedff20999df2af8eb42d56 -> 
  custom:framework-win-MediaFoundation: 216162199b28c13a410421893ffa2e32 -> 
  custom:container-demuxer-ogg: 62fdf1f143b41e24485cea50d1cbac27 -> 
  custom:video-decoder-webm-vp8: 9c59270c3fd7afecdb556c50c9e8de78 -> 
  custom:audio-decoder-ogg-vorbis: bf7c407c2cedff20999df2af8eb42d56 -> 
========================================================================
Received Import Request.
  Time since last request: 206.744047 seconds.
  path: Assets/GameRelated/Scenes/Scene.unity
  artifactKey: Guid(3fc8acdd13e6c734bafef6554d6fdbcd) Importer(815301076,1909f56bfc062723c751e8b465ee728b)
Start importing Assets/GameRelated/Scenes/Scene.unity using Guid(3fc8acdd13e6c734bafef6554d6fdbcd) Importer(815301076,1909f56bfc062723c751e8b465ee728b)  -> (artifact id: 'bd084669cbdb3be03bdb4c046707f0d4') in 0.016218 seconds 
========================================================================
Received Prepare
Registering precompiled user dll's ...
Registered in 0.006916 seconds.
Begin MonoManager ReloadAssembly
Symbol file LoadedFromMemory doesn't match image C:\Users\citri\OneDrive\Masaüstü\WallJumpGame\Wall Jump Game\Library\PackageCache\com.unity.visualscripting@1.7.8\Editor\VisualScripting.Core\Dependencies\YamlDotNet\Unity.VisualScripting.YamlDotNet.dll
Symbol file LoadedFromMemory doesn't match image C:\Users\citri\OneDrive\Masaüstü\WallJumpGame\Wall Jump Game\Library\PackageCache\com.unity.visualscripting@1.7.8\Editor\VisualScripting.Core\Dependencies\DotNetZip\Unity.VisualScripting.IonicZip.dll
Native extension for UWP target not found
Native extension for WindowsStandalone target not found
Native extension for Android target not found
Refreshing native plugins compatible for Editor in 1.43 ms, found 4 plugins.
Preloading 0 native plugins for Editor in 0.00 ms.
Mono: successfully reloaded assembly
- Completed reload, in  1.083 seconds
Domain Reload Profiling:
	ReloadAssembly (1083ms)
		BeginReloadAssembly (122ms)
			ExecutionOrderSort (0ms)
			DisableScriptedObjects (6ms)
			BackupInstance (0ms)
			ReleaseScriptingObjects (0ms)
			CreateAndSetChildDomain (41ms)
		EndReloadAssembly (864ms)
			LoadAssemblies (77ms)
			RebuildTransferFunctionScriptingTraits (0ms)
			SetupTypeCache (225ms)
			ReleaseScriptCaches (2ms)
			RebuildScriptCaches (53ms)
			SetupLoadedEditorAssemblies (436ms)
				LogAssemblyErrors (0ms)
				InitializePlatformSupportModulesInManaged (27ms)
				SetLoadedEditorAssemblies (1ms)
				RefreshPlugins (2ms)
				BeforeProcessingInitializeOnLoad (108ms)
				ProcessInitializeOnLoadAttributes (248ms)
				ProcessInitializeOnLoadMethodAttributes (42ms)
				AfterProcessingInitializeOnLoad (8ms)
				EditorAssembliesLoaded (0ms)
			ExecutionOrderSort2 (0ms)
			AwakeInstancesAfterBackupRestoration (10ms)
Platform modules already initialized, skipping
Refreshing native plugins compatible for Editor in 6.73 ms, found 4 plugins.
Preloading 0 native plugins for Editor in 0.00 ms.
Unloading 4345 Unused Serialized files (Serialized files now loaded: 0)
Unloading 48 unused Assets / (195.8 KB). Loaded Objects now: 4857.
Memory consumption went from 165.8 MB to 165.6 MB.
Total: 4.305300 ms (FindLiveObjects: 0.343800 ms CreateObjectMapping: 0.156000 ms MarkObjects: 3.627400 ms  DeleteObjects: 0.176800 ms)

AssetImportParameters requested are different than current active one (requested -> active):
  custom:video-decoder-ogg-theora: a1e56fd34408186e4bbccfd4996cb3dc -> 
  custom:container-muxer-webm: aa71ff27fc2769a1b78a27578f13a17b -> 
  custom:container-demuxer-webm: 4f35f7cbe854078d1ac9338744f61a02 -> 
  custom:video-encoder-webm-vp8: eb34c28f22e8b96e1ab97ce403110664 -> 
  custom:video-codec-MediaFoundation-h265: 746d11721c4dcdbdad8f713fa42b33f4 -> 
  custom:audio-encoder-webm-vorbis: bf7c407c2cedff20999df2af8eb42d56 -> 
  custom:framework-win-MediaFoundation: 216162199b28c13a410421893ffa2e32 -> 
  custom:container-demuxer-ogg: 62fdf1f143b41e24485cea50d1cbac27 -> 
  custom:video-decoder-webm-vp8: 9c59270c3fd7afecdb556c50c9e8de78 -> 
  custom:audio-decoder-ogg-vorbis: bf7c407c2cedff20999df2af8eb42d56 -> 
========================================================================
Received Import Request.
  Time since last request: 205.687337 seconds.
  path: Assets/GameRelated/Obstacles/Button.prefab
  artifactKey: Guid(ba1e49e6a36ef2447a8c25629735b56a) Importer(815301076,1909f56bfc062723c751e8b465ee728b)
Start importing Assets/GameRelated/Obstacles/Button.prefab using Guid(ba1e49e6a36ef2447a8c25629735b56a) Importer(815301076,1909f56bfc062723c751e8b465ee728b)  -> (artifact id: '41e59760d11df2976fddbd7bda5073f9') in 0.084525 seconds 
========================================================================
Received Import Request.
  Time since last request: 0.000089 seconds.
  path: Assets/GameRelated/Obstacles/Whip.prefab
  artifactKey: Guid(2bf759620dc40dd4fa107401ed142e77) Importer(815301076,1909f56bfc062723c751e8b465ee728b)
Start importing Assets/GameRelated/Obstacles/Whip.prefab using Guid(2bf759620dc40dd4fa107401ed142e77) Importer(815301076,1909f56bfc062723c751e8b465ee728b)  -> (artifact id: 'd2ba42697bd4403da70492a5a60eaaf9') in 0.021035 seconds 
========================================================================
Received Import Request.
  Time since last request: 0.000087 seconds.
  path: Assets/GameRelated/Obstacles/WhipFire.prefab
  artifactKey: Guid(23ad3d33eb42c8c40810bd060ef461fb) Importer(815301076,1909f56bfc062723c751e8b465ee728b)
Start importing Assets/GameRelated/Obstacles/WhipFire.prefab using Guid(23ad3d33eb42c8c40810bd060ef461fb) Importer(815301076,1909f56bfc062723c751e8b465ee728b)  -> (artifact id: 'f827893d0ab112ed51b236b5b04f5db1') in 0.022192 seconds 
========================================================================
Received Import Request.
  Time since last request: 10.558269 seconds.
  path: Assets/GameRelated/OtherSprite/Laser.png
  artifactKey: Guid(f049647ee092e614c893192b21037b7a) Importer(815301076,1909f56bfc062723c751e8b465ee728b)
Start importing Assets/GameRelated/OtherSprite/Laser.png using Guid(f049647ee092e614c893192b21037b7a) Importer(815301076,1909f56bfc062723c751e8b465ee728b)  -> (artifact id: '613e80c302ca0e026892293a234843d6') in 0.035605 seconds 
========================================================================
Received Import Request.
  Time since last request: 1.677636 seconds.
  path: Assets/GameRelated/Scripts/Enemies
  artifactKey: Guid(2d3b83bd4e22d244889cbf5602a24794) Importer(815301076,1909f56bfc062723c751e8b465ee728b)
Start importing Assets/GameRelated/Scripts/Enemies using Guid(2d3b83bd4e22d244889cbf5602a24794) Importer(815301076,1909f56bfc062723c751e8b465ee728b)  -> (artifact id: 'b6c627d3277b820a7a38a5896afb7c05') in 0.009758 seconds 
========================================================================
Received Prepare
Registering precompiled user dll's ...
Registered in 0.005945 seconds.
Begin MonoManager ReloadAssembly
Symbol file LoadedFromMemory doesn't match image C:\Users\citri\OneDrive\Masaüstü\WallJumpGame\Wall Jump Game\Library\PackageCache\com.unity.visualscripting@1.7.8\Editor\VisualScripting.Core\Dependencies\YamlDotNet\Unity.VisualScripting.YamlDotNet.dll
Symbol file LoadedFromMemory doesn't match image C:\Users\citri\OneDrive\Masaüstü\WallJumpGame\Wall Jump Game\Library\PackageCache\com.unity.visualscripting@1.7.8\Editor\VisualScripting.Core\Dependencies\DotNetZip\Unity.VisualScripting.IonicZip.dll
Native extension for UWP target not found
Native extension for WindowsStandalone target not found
Native extension for Android target not found
Refreshing native plugins compatible for Editor in 1.11 ms, found 4 plugins.
Preloading 0 native plugins for Editor in 0.00 ms.
Mono: successfully reloaded assembly
- Completed reload, in  1.130 seconds
Domain Reload Profiling:
	ReloadAssembly (1131ms)
		BeginReloadAssembly (138ms)
			ExecutionOrderSort (0ms)
			DisableScriptedObjects (6ms)
			BackupInstance (0ms)
			ReleaseScriptingObjects (0ms)
			CreateAndSetChildDomain (44ms)
		EndReloadAssembly (880ms)
			LoadAssemblies (98ms)
			RebuildTransferFunctionScriptingTraits (0ms)
			SetupTypeCache (267ms)
			ReleaseScriptCaches (2ms)
			RebuildScriptCaches (57ms)
			SetupLoadedEditorAssemblies (399ms)
				LogAssemblyErrors (0ms)
				InitializePlatformSupportModulesInManaged (25ms)
				SetLoadedEditorAssemblies (0ms)
				RefreshPlugins (1ms)
				BeforeProcessingInitializeOnLoad (92ms)
				ProcessInitializeOnLoadAttributes (230ms)
				ProcessInitializeOnLoadMethodAttributes (42ms)
				AfterProcessingInitializeOnLoad (8ms)
				EditorAssembliesLoaded (0ms)
			ExecutionOrderSort2 (0ms)
			AwakeInstancesAfterBackupRestoration (9ms)
Platform modules already initialized, skipping
Refreshing native plugins compatible for Editor in 4.94 ms, found 4 plugins.
Preloading 0 native plugins for Editor in 0.00 ms.
Unloading 4345 Unused Serialized files (Serialized files now loaded: 0)
Unloading 48 unused Assets / (195.6 KB). Loaded Objects now: 4863.
Memory consumption went from 165.9 MB to 165.7 MB.
Total: 3.850500 ms (FindLiveObjects: 0.330500 ms CreateObjectMapping: 0.256400 ms MarkObjects: 3.092000 ms  DeleteObjects: 0.169900 ms)

AssetImportParameters requested are different than current active one (requested -> active):
  custom:video-decoder-ogg-theora: a1e56fd34408186e4bbccfd4996cb3dc -> 
  custom:container-muxer-webm: aa71ff27fc2769a1b78a27578f13a17b -> 
  custom:container-demuxer-webm: 4f35f7cbe854078d1ac9338744f61a02 -> 
  custom:video-encoder-webm-vp8: eb34c28f22e8b96e1ab97ce403110664 -> 
  custom:video-codec-MediaFoundation-h265: 746d11721c4dcdbdad8f713fa42b33f4 -> 
  custom:audio-encoder-webm-vorbis: bf7c407c2cedff20999df2af8eb42d56 -> 
  custom:framework-win-MediaFoundation: 216162199b28c13a410421893ffa2e32 -> 
  custom:container-demuxer-ogg: 62fdf1f143b41e24485cea50d1cbac27 -> 
  custom:video-decoder-webm-vp8: 9c59270c3fd7afecdb556c50c9e8de78 -> 
  custom:audio-decoder-ogg-vorbis: bf7c407c2cedff20999df2af8eb42d56 -> 
========================================================================
Received Prepare
Registering precompiled user dll's ...
Registered in 0.009134 seconds.
Begin MonoManager ReloadAssembly
Symbol file LoadedFromMemory doesn't match image C:\Users\citri\OneDrive\Masaüstü\WallJumpGame\Wall Jump Game\Library\PackageCache\com.unity.visualscripting@1.7.8\Editor\VisualScripting.Core\Dependencies\YamlDotNet\Unity.VisualScripting.YamlDotNet.dll
Symbol file LoadedFromMemory doesn't match image C:\Users\citri\OneDrive\Masaüstü\WallJumpGame\Wall Jump Game\Library\PackageCache\com.unity.visualscripting@1.7.8\Editor\VisualScripting.Core\Dependencies\DotNetZip\Unity.VisualScripting.IonicZip.dll
Native extension for UWP target not found
Native extension for WindowsStandalone target not found
Native extension for Android target not found
Refreshing native plugins compatible for Editor in 0.94 ms, found 4 plugins.
Preloading 0 native plugins for Editor in 0.00 ms.
Mono: successfully reloaded assembly
- Completed reload, in  1.033 seconds
Domain Reload Profiling:
	ReloadAssembly (1034ms)
		BeginReloadAssembly (129ms)
			ExecutionOrderSort (0ms)
			DisableScriptedObjects (6ms)
			BackupInstance (0ms)
			ReleaseScriptingObjects (0ms)
			CreateAndSetChildDomain (37ms)
		EndReloadAssembly (806ms)
			LoadAssemblies (96ms)
			RebuildTransferFunctionScriptingTraits (0ms)
			SetupTypeCache (232ms)
			ReleaseScriptCaches (2ms)
			RebuildScriptCaches (49ms)
			SetupLoadedEditorAssemblies (374ms)
				LogAssemblyErrors (0ms)
				InitializePlatformSupportModulesInManaged (23ms)
				SetLoadedEditorAssemblies (0ms)
				RefreshPlugins (1ms)
				BeforeProcessingInitializeOnLoad (90ms)
				ProcessInitializeOnLoadAttributes (219ms)
				ProcessInitializeOnLoadMethodAttributes (35ms)
				AfterProcessingInitializeOnLoad (6ms)
				EditorAssembliesLoaded (0ms)
			ExecutionOrderSort2 (0ms)
			AwakeInstancesAfterBackupRestoration (7ms)
Platform modules already initialized, skipping
Refreshing native plugins compatible for Editor in 6.72 ms, found 4 plugins.
Preloading 0 native plugins for Editor in 0.00 ms.
Unloading 4345 Unused Serialized files (Serialized files now loaded: 0)
Unloading 48 unused Assets / (195.7 KB). Loaded Objects now: 4866.
Memory consumption went from 165.9 MB to 165.7 MB.
Total: 3.820200 ms (FindLiveObjects: 0.318600 ms CreateObjectMapping: 0.294200 ms MarkObjects: 3.019600 ms  DeleteObjects: 0.186100 ms)

AssetImportParameters requested are different than current active one (requested -> active):
  custom:video-decoder-ogg-theora: a1e56fd34408186e4bbccfd4996cb3dc -> 
  custom:container-muxer-webm: aa71ff27fc2769a1b78a27578f13a17b -> 
  custom:container-demuxer-webm: 4f35f7cbe854078d1ac9338744f61a02 -> 
  custom:video-encoder-webm-vp8: eb34c28f22e8b96e1ab97ce403110664 -> 
  custom:video-codec-MediaFoundation-h265: 746d11721c4dcdbdad8f713fa42b33f4 -> 
  custom:audio-encoder-webm-vorbis: bf7c407c2cedff20999df2af8eb42d56 -> 
  custom:framework-win-MediaFoundation: 216162199b28c13a410421893ffa2e32 -> 
  custom:container-demuxer-ogg: 62fdf1f143b41e24485cea50d1cbac27 -> 
  custom:video-decoder-webm-vp8: 9c59270c3fd7afecdb556c50c9e8de78 -> 
  custom:audio-decoder-ogg-vorbis: bf7c407c2cedff20999df2af8eb42d56 -> 
========================================================================
Received Import Request.
  Time since last request: 698.145103 seconds.
  path: Assets/GameRelated/Obstacles/Whip.prefab
  artifactKey: Guid(2bf759620dc40dd4fa107401ed142e77) Importer(815301076,1909f56bfc062723c751e8b465ee728b)
Start importing Assets/GameRelated/Obstacles/Whip.prefab using Guid(2bf759620dc40dd4fa107401ed142e77) Importer(815301076,1909f56bfc062723c751e8b465ee728b)  -> (artifact id: 'f7db6ff4af3799a4e6a4f1a4a82494c8') in 0.064539 seconds 
========================================================================
Received Import Request.
  Time since last request: 433.744795 seconds.
  path: Assets/GameRelated/Obstacles/Whip.prefab
  artifactKey: Guid(2bf759620dc40dd4fa107401ed142e77) Importer(815301076,1909f56bfc062723c751e8b465ee728b)
Start importing Assets/GameRelated/Obstacles/Whip.prefab using Guid(2bf759620dc40dd4fa107401ed142e77) Importer(815301076,1909f56bfc062723c751e8b465ee728b)  -> (artifact id: 'cf401366c393523faaaa594eccd8ce2b') in 0.009450 seconds 
========================================================================
Received Import Request.
  Time since last request: 0.010559 seconds.
  path: Assets/GameRelated/Obstacles/WhipFire.prefab
  artifactKey: Guid(23ad3d33eb42c8c40810bd060ef461fb) Importer(815301076,1909f56bfc062723c751e8b465ee728b)
Start importing Assets/GameRelated/Obstacles/WhipFire.prefab using Guid(23ad3d33eb42c8c40810bd060ef461fb) Importer(815301076,1909f56bfc062723c751e8b465ee728b)  -> (artifact id: '16cdb1c1f04168e5cd3be01b3ad986ca') in 0.012418 seconds 
