Using pre-set license
Built from '2021.3/staging' branch; Version is '2021.3.15f1 (e8e88683f834) revision 15263878'; Using compiler version '192829333'; Build Type 'Release'
OS: 'Windows 11  (10.0.22631) 64bit Professional' Language: 'tr' Physical Memory: 16163 MB
BatchMode: 1, IsHumanControllingUs: 0, StartBugReporterOnCrash: 0, Is64bit: 1, IsPro: 1

COMMAND LINE ARGUMENTS:
C:\Program Files\Unity\Hub\Editor\2021.3.15f1\Editor\Unity.exe
-adb2
-batchMode
-noUpm
-name
AssetImportWorker0
-projectPath
C:/Users/citri/OneDrive/Masaüstü/WallJumpGame/Wall Jump Game
-logFile
Logs/AssetImportWorker0.log
-srvPort
54909
Successfully changed project path to: C:/Users/citri/OneDrive/Masaüstü/WallJumpGame/Wall Jump Game
C:/Users/citri/OneDrive/Masaüstü/WallJumpGame/Wall Jump Game
[UnityMemory] Configuration Parameters - Can be set up in boot.config
    "memorysetup-bucket-allocator-granularity=16"
    "memorysetup-bucket-allocator-bucket-count=8"
    "memorysetup-bucket-allocator-block-size=33554432"
    "memorysetup-bucket-allocator-block-count=8"
    "memorysetup-main-allocator-block-size=16777216"
    "memorysetup-thread-allocator-block-size=16777216"
    "memorysetup-gfx-main-allocator-block-size=16777216"
    "memorysetup-gfx-thread-allocator-block-size=16777216"
    "memorysetup-cache-allocator-block-size=4194304"
    "memorysetup-typetree-allocator-block-size=2097152"
    "memorysetup-profiler-bucket-allocator-granularity=16"
    "memorysetup-profiler-bucket-allocator-bucket-count=8"
    "memorysetup-profiler-bucket-allocator-block-size=33554432"
    "memorysetup-profiler-bucket-allocator-block-count=8"
    "memorysetup-profiler-allocator-block-size=16777216"
    "memorysetup-profiler-editor-allocator-block-size=1048576"
    "memorysetup-temp-allocator-size-main=16777216"
    "memorysetup-job-temp-allocator-block-size=2097152"
    "memorysetup-job-temp-allocator-block-size-background=1048576"
    "memorysetup-job-temp-allocator-reduction-small-platforms=262144"
    "memorysetup-temp-allocator-size-background-worker=32768"
    "memorysetup-temp-allocator-size-job-worker=262144"
    "memorysetup-temp-allocator-size-preload-manager=33554432"
    "memorysetup-temp-allocator-size-nav-mesh-worker=65536"
    "memorysetup-temp-allocator-size-audio-worker=65536"
    "memorysetup-temp-allocator-size-cloud-worker=32768"
    "memorysetup-temp-allocator-size-gi-baking-worker=262144"
    "memorysetup-temp-allocator-size-gfx=262144"
Player connection [39164] Host "[IP] 172.28.48.1 [Port] 0 [Flags] 2 [Guid] 1683633501 [EditorId] 1683633501 [Version] 1048832 [Id] WindowsEditor(7,Eren) [Debug] 1 [PackageName] WindowsEditor [ProjectName] Editor" joined multi-casting on [225.0.0.222:54997]...

Player connection [39164] Host "[IP] 172.28.48.1 [Port] 0 [Flags] 2 [Guid] 1683633501 [EditorId] 1683633501 [Version] 1048832 [Id] WindowsEditor(7,Eren) [Debug] 1 [PackageName] WindowsEditor [ProjectName] Editor" joined alternative multi-casting on [225.0.0.222:34997]...

Refreshing native plugins compatible for Editor in 135.90 ms, found 4 plugins.
Preloading 0 native plugins for Editor in 0.00 ms.
Initialize engine version: 2021.3.15f1 (e8e88683f834)
[Subsystems] Discovering subsystems at path C:/Program Files/Unity/Hub/Editor/2021.3.15f1/Editor/Data/Resources/UnitySubsystems
[Subsystems] Discovering subsystems at path C:/Users/citri/OneDrive/Masaüstü/WallJumpGame/Wall Jump Game/Assets
GfxDevice: creating device client; threaded=0; jobified=0
Direct3D:
    Version:  Direct3D 11.0 [level 11.1]
    Renderer: NVIDIA GeForce RTX 3050 Ti Laptop GPU (ID=0x25a0)
    Vendor:   NVIDIA
    VRAM:     3962 MB
    Driver:   32.0.15.6636
Initialize mono
Mono path[0] = 'C:/Program Files/Unity/Hub/Editor/2021.3.15f1/Editor/Data/Managed'
Mono path[1] = 'C:/Program Files/Unity/Hub/Editor/2021.3.15f1/Editor/Data/MonoBleedingEdge/lib/mono/unityjit-win32'
Mono config path = 'C:/Program Files/Unity/Hub/Editor/2021.3.15f1/Editor/Data/MonoBleedingEdge/etc'
Using monoOptions --debugger-agent=transport=dt_socket,embedding=1,server=y,suspend=n,address=127.0.0.1:56048
Begin MonoManager ReloadAssembly
Registering precompiled unity dll's ...
Register platform support module: C:/Program Files/Unity/Hub/Editor/2021.3.15f1/Editor/Data/PlaybackEngines/AndroidPlayer/UnityEditor.Android.Extensions.dll
Register platform support module: C:/Program Files/Unity/Hub/Editor/2021.3.15f1/Editor/Data/PlaybackEngines/WindowsStandaloneSupport/UnityEditor.WindowsStandalone.Extensions.dll
Register platform support module: C:/Program Files/Unity/Hub/Editor/2021.3.15f1/Editor/Data/PlaybackEngines/MetroSupport/UnityEditor.UWP.Extensions.dll
Registered in 0.007606 seconds.
Native extension for UWP target not found
Native extension for WindowsStandalone target not found
Native extension for Android target not found
Refreshing native plugins compatible for Editor in 119.35 ms, found 4 plugins.
Preloading 0 native plugins for Editor in 0.00 ms.
Mono: successfully reloaded assembly
- Completed reload, in  0.738 seconds
Domain Reload Profiling:
	ReloadAssembly (738ms)
		BeginReloadAssembly (79ms)
			ExecutionOrderSort (0ms)
			DisableScriptedObjects (0ms)
			BackupInstance (0ms)
			ReleaseScriptingObjects (0ms)
			CreateAndSetChildDomain (1ms)
		EndReloadAssembly (540ms)
			LoadAssemblies (78ms)
			RebuildTransferFunctionScriptingTraits (0ms)
			SetupTypeCache (112ms)
			ReleaseScriptCaches (0ms)
			RebuildScriptCaches (33ms)
			SetupLoadedEditorAssemblies (338ms)
				LogAssemblyErrors (0ms)
				InitializePlatformSupportModulesInManaged (60ms)
				SetLoadedEditorAssemblies (0ms)
				RefreshPlugins (119ms)
				BeforeProcessingInitializeOnLoad (1ms)
				ProcessInitializeOnLoadAttributes (104ms)
				ProcessInitializeOnLoadMethodAttributes (52ms)
				AfterProcessingInitializeOnLoad (0ms)
				EditorAssembliesLoaded (0ms)
			ExecutionOrderSort2 (0ms)
			AwakeInstancesAfterBackupRestoration (0ms)
Platform modules already initialized, skipping
Registering precompiled user dll's ...
Registered in 0.009372 seconds.
Begin MonoManager ReloadAssembly
Symbol file LoadedFromMemory doesn't match image C:\Users\citri\OneDrive\Masaüstü\WallJumpGame\Wall Jump Game\Library\PackageCache\com.unity.visualscripting@1.7.8\Editor\VisualScripting.Core\Dependencies\YamlDotNet\Unity.VisualScripting.YamlDotNet.dll
Symbol file LoadedFromMemory doesn't match image C:\Users\citri\OneDrive\Masaüstü\WallJumpGame\Wall Jump Game\Library\PackageCache\com.unity.visualscripting@1.7.8\Editor\VisualScripting.Core\Dependencies\DotNetZip\Unity.VisualScripting.IonicZip.dll
Native extension for UWP target not found
Native extension for WindowsStandalone target not found
Native extension for Android target not found
Refreshing native plugins compatible for Editor in 109.53 ms, found 4 plugins.
Preloading 0 native plugins for Editor in 0.00 ms.
Mono: successfully reloaded assembly
Package Manager log level set to [2]
- Completed reload, in  1.391 seconds
Domain Reload Profiling:
	ReloadAssembly (1392ms)
		BeginReloadAssembly (222ms)
			ExecutionOrderSort (0ms)
			DisableScriptedObjects (8ms)
			BackupInstance (0ms)
			ReleaseScriptingObjects (0ms)
			CreateAndSetChildDomain (122ms)
		EndReloadAssembly (1046ms)
			LoadAssemblies (102ms)
			RebuildTransferFunctionScriptingTraits (0ms)
			SetupTypeCache (275ms)
			ReleaseScriptCaches (1ms)
			RebuildScriptCaches (66ms)
			SetupLoadedEditorAssemblies (546ms)
				LogAssemblyErrors (0ms)
				InitializePlatformSupportModulesInManaged (16ms)
				SetLoadedEditorAssemblies (0ms)
				RefreshPlugins (110ms)
				BeforeProcessingInitializeOnLoad (126ms)
				ProcessInitializeOnLoadAttributes (245ms)
				ProcessInitializeOnLoadMethodAttributes (43ms)
				AfterProcessingInitializeOnLoad (7ms)
				EditorAssembliesLoaded (0ms)
			ExecutionOrderSort2 (0ms)
			AwakeInstancesAfterBackupRestoration (6ms)
Platform modules already initialized, skipping
========================================================================
Worker process is ready to serve import requests
Launched and connected shader compiler UnityShaderCompiler.exe after 0.06 seconds
Refreshing native plugins compatible for Editor in 1.43 ms, found 4 plugins.
Preloading 0 native plugins for Editor in 0.00 ms.
Unloading 4363 Unused Serialized files (Serialized files now loaded: 0)
Unloading 61 unused Assets / (229.1 KB). Loaded Objects now: 4800.
Memory consumption went from 162.4 MB to 162.2 MB.
Total: 5.270200 ms (FindLiveObjects: 0.433600 ms CreateObjectMapping: 0.184100 ms MarkObjects: 4.448300 ms  DeleteObjects: 0.202400 ms)

AssetImportParameters requested are different than current active one (requested -> active):
  custom:video-decoder-ogg-theora: a1e56fd34408186e4bbccfd4996cb3dc -> 
  custom:container-muxer-webm: aa71ff27fc2769a1b78a27578f13a17b -> 
  custom:container-demuxer-webm: 4f35f7cbe854078d1ac9338744f61a02 -> 
  custom:video-encoder-webm-vp8: eb34c28f22e8b96e1ab97ce403110664 -> 
  custom:video-codec-MediaFoundation-h265: 746d11721c4dcdbdad8f713fa42b33f4 -> 
  custom:audio-encoder-webm-vorbis: bf7c407c2cedff20999df2af8eb42d56 -> 
  custom:framework-win-MediaFoundation: 216162199b28c13a410421893ffa2e32 -> 
  custom:container-demuxer-ogg: 62fdf1f143b41e24485cea50d1cbac27 -> 
  custom:video-decoder-webm-vp8: 9c59270c3fd7afecdb556c50c9e8de78 -> 
  custom:audio-decoder-ogg-vorbis: bf7c407c2cedff20999df2af8eb42d56 -> 
========================================================================
Received Import Request.
  Time since last request: 1841435.435569 seconds.
  path: Assets/GameRelated/Obstacles/Whip.prefab
  artifactKey: Guid(2bf759620dc40dd4fa107401ed142e77) Importer(815301076,1909f56bfc062723c751e8b465ee728b)
Start importing Assets/GameRelated/Obstacles/Whip.prefab using Guid(2bf759620dc40dd4fa107401ed142e77) Importer(815301076,1909f56bfc062723c751e8b465ee728b)  -> (artifact id: 'db4670278391b7c6d5ba11c0175bc241') in 0.154384 seconds 
========================================================================
Received Import Request.
  Time since last request: 0.000036 seconds.
  path: Assets/GameRelated/Obstacles/Laser.prefab
  artifactKey: Guid(0f85a5d49df356e4480204f8e09df056) Importer(815301076,1909f56bfc062723c751e8b465ee728b)
Start importing Assets/GameRelated/Obstacles/Laser.prefab using Guid(0f85a5d49df356e4480204f8e09df056) Importer(815301076,1909f56bfc062723c751e8b465ee728b)  -> (artifact id: '4c53a4a410c5412156955209d80ce714') in 0.029133 seconds 
========================================================================
Received Import Request.
  Time since last request: 0.000035 seconds.
  path: Assets/GameRelated/Obstacles/Dragon.prefab
  artifactKey: Guid(07b42147df2691e46ad71f82cae206af) Importer(815301076,1909f56bfc062723c751e8b465ee728b)
Start importing Assets/GameRelated/Obstacles/Dragon.prefab using Guid(07b42147df2691e46ad71f82cae206af) Importer(815301076,1909f56bfc062723c751e8b465ee728b)  -> (artifact id: '7686db10e693adf0bfe73634f6f2d75e') in 0.021086 seconds 
========================================================================
Received Import Request.
  Time since last request: 93.633940 seconds.
  path: Assets/GameRelated/DoublePoint.prefab
  artifactKey: Guid(98deee887e1a7844a962b13e5dfcd9b9) Importer(815301076,1909f56bfc062723c751e8b465ee728b)
Start importing Assets/GameRelated/DoublePoint.prefab using Guid(98deee887e1a7844a962b13e5dfcd9b9) Importer(815301076,1909f56bfc062723c751e8b465ee728b)  -> (artifact id: '327fdb872d5f089057c4651619f07503') in 0.021324 seconds 
========================================================================
Received Import Request.
  Time since last request: 0.000020 seconds.
  path: Assets/GameRelated/walljumpPhoto.png
  artifactKey: Guid(6f40a7e1414c7f4419b8144318308ce0) Importer(815301076,1909f56bfc062723c751e8b465ee728b)
Start importing Assets/GameRelated/walljumpPhoto.png using Guid(6f40a7e1414c7f4419b8144318308ce0) Importer(815301076,1909f56bfc062723c751e8b465ee728b)  -> (artifact id: '7afd0329ee23ed03498576978d2efbcd') in 0.081780 seconds 
========================================================================
Received Import Request.
  Time since last request: 4.188397 seconds.
  path: Assets/GameRelated/Obstacles/Walls/BG_Fire.prefab
  artifactKey: Guid(6cbc8bea5ff9af14abbf3b6ef8eb690d) Importer(815301076,1909f56bfc062723c751e8b465ee728b)
Start importing Assets/GameRelated/Obstacles/Walls/BG_Fire.prefab using Guid(6cbc8bea5ff9af14abbf3b6ef8eb690d) Importer(815301076,1909f56bfc062723c751e8b465ee728b)  -> (artifact id: '9c3997741f50d14d2203965a9f4cd534') in 0.019928 seconds 
========================================================================
Received Import Request.
  Time since last request: 0.000025 seconds.
  path: Assets/GameRelated/Obstacles/Walls/RightWall.prefab
  artifactKey: Guid(fcbafc72fcb4dae4c818d31e51bd6b6c) Importer(815301076,1909f56bfc062723c751e8b465ee728b)
Start importing Assets/GameRelated/Obstacles/Walls/RightWall.prefab using Guid(fcbafc72fcb4dae4c818d31e51bd6b6c) Importer(815301076,1909f56bfc062723c751e8b465ee728b)  -> (artifact id: 'e5a4dca2f4ceafa1a08069c4bfd61f61') in 0.016210 seconds 
========================================================================
Received Import Request.
  Time since last request: 0.000047 seconds.
  path: Assets/GameRelated/Obstacles/Walls/FireRightWall.prefab
  artifactKey: Guid(747c99649de554a4289abd9678f6fbef) Importer(815301076,1909f56bfc062723c751e8b465ee728b)
Start importing Assets/GameRelated/Obstacles/Walls/FireRightWall.prefab using Guid(747c99649de554a4289abd9678f6fbef) Importer(815301076,1909f56bfc062723c751e8b465ee728b)  -> (artifact id: '02ae58536460cefb8d92852ecbddcb50') in 0.020865 seconds 
========================================================================
Received Import Request.
  Time since last request: 0.000029 seconds.
  path: Assets/GameRelated/Obstacles/Walls/FireClosedWall.prefab
  artifactKey: Guid(607fa062b2fe0d84ca14a43a0082eaaa) Importer(815301076,1909f56bfc062723c751e8b465ee728b)
Start importing Assets/GameRelated/Obstacles/Walls/FireClosedWall.prefab using Guid(607fa062b2fe0d84ca14a43a0082eaaa) Importer(815301076,1909f56bfc062723c751e8b465ee728b)  -> (artifact id: '756eefed47ff8dfa5e4957b6972929a5') in 0.018609 seconds 
========================================================================
Received Import Request.
  Time since last request: 0.000026 seconds.
  path: Assets/GameRelated/Obstacles/Walls/BouncyWall.prefab
  artifactKey: Guid(69b4c136bf05e8c4eb44cc641406ca49) Importer(815301076,1909f56bfc062723c751e8b465ee728b)
Start importing Assets/GameRelated/Obstacles/Walls/BouncyWall.prefab using Guid(69b4c136bf05e8c4eb44cc641406ca49) Importer(815301076,1909f56bfc062723c751e8b465ee728b)  -> (artifact id: 'e2f1168e4a67225e0e1d540b07582fa2') in 0.022747 seconds 
========================================================================
Received Import Request.
  Time since last request: 0.000028 seconds.
  path: Assets/GameRelated/Obstacles/Walls/BottomWall.prefab
  artifactKey: Guid(d6caef0273542654d9e44dee6e9fae4d) Importer(815301076,1909f56bfc062723c751e8b465ee728b)
Start importing Assets/GameRelated/Obstacles/Walls/BottomWall.prefab using Guid(d6caef0273542654d9e44dee6e9fae4d) Importer(815301076,1909f56bfc062723c751e8b465ee728b)  -> (artifact id: '47b2b04c6da40c54deb464c1147964a5') in 0.018836 seconds 
========================================================================
Received Import Request.
  Time since last request: 4.613077 seconds.
  path: Assets/GameRelated/OtherSprite/buton.png
  artifactKey: Guid(79875e3372a717143b52ca8324384be6) Importer(815301076,1909f56bfc062723c751e8b465ee728b)
Start importing Assets/GameRelated/OtherSprite/buton.png using Guid(79875e3372a717143b52ca8324384be6) Importer(815301076,1909f56bfc062723c751e8b465ee728b)  -> (artifact id: 'ce00b4690612cc22adff39afcc8a9392') in 0.029483 seconds 
========================================================================
Received Import Request.
  Time since last request: 0.000028 seconds.
  path: Assets/GameRelated/OtherSprite/Laser.png
  artifactKey: Guid(f049647ee092e614c893192b21037b7a) Importer(815301076,1909f56bfc062723c751e8b465ee728b)
Start importing Assets/GameRelated/OtherSprite/Laser.png using Guid(f049647ee092e614c893192b21037b7a) Importer(815301076,1909f56bfc062723c751e8b465ee728b)  -> (artifact id: 'fd852af28bbb50b5b0d0de26f2dbd4b4') in 0.027510 seconds 
========================================================================
Received Import Request.
  Time since last request: 0.000057 seconds.
  path: Assets/GameRelated/OtherSprite/sapan.png
  artifactKey: Guid(36bd27772aa20d74ca2490b148611f39) Importer(815301076,1909f56bfc062723c751e8b465ee728b)
Start importing Assets/GameRelated/OtherSprite/sapan.png using Guid(36bd27772aa20d74ca2490b148611f39) Importer(815301076,1909f56bfc062723c751e8b465ee728b)  -> (artifact id: '00cbd41a6b013bb8d1e7ea8d39e9f5bd') in 0.027474 seconds 
========================================================================
Received Import Request.
  Time since last request: 0.000033 seconds.
  path: Assets/GameRelated/OtherSprite/sapansapan.png
  artifactKey: Guid(1257d0a3d61c962408ac5306f0665db7) Importer(815301076,1909f56bfc062723c751e8b465ee728b)
Start importing Assets/GameRelated/OtherSprite/sapansapan.png using Guid(1257d0a3d61c962408ac5306f0665db7) Importer(815301076,1909f56bfc062723c751e8b465ee728b)  -> (artifact id: '6cc0f5435a19ad7a62591a6f06ca5b0a') in 0.035748 seconds 
========================================================================
Received Prepare
Registering precompiled user dll's ...
Registered in 0.007798 seconds.
Begin MonoManager ReloadAssembly
Symbol file LoadedFromMemory doesn't match image C:\Users\citri\OneDrive\Masaüstü\WallJumpGame\Wall Jump Game\Library\PackageCache\com.unity.visualscripting@1.7.8\Editor\VisualScripting.Core\Dependencies\YamlDotNet\Unity.VisualScripting.YamlDotNet.dll
Symbol file LoadedFromMemory doesn't match image C:\Users\citri\OneDrive\Masaüstü\WallJumpGame\Wall Jump Game\Library\PackageCache\com.unity.visualscripting@1.7.8\Editor\VisualScripting.Core\Dependencies\DotNetZip\Unity.VisualScripting.IonicZip.dll
Native extension for UWP target not found
Native extension for WindowsStandalone target not found
Native extension for Android target not found
Refreshing native plugins compatible for Editor in 0.98 ms, found 4 plugins.
Preloading 0 native plugins for Editor in 0.00 ms.
Mono: successfully reloaded assembly
- Completed reload, in  0.994 seconds
Domain Reload Profiling:
	ReloadAssembly (994ms)
		BeginReloadAssembly (131ms)
			ExecutionOrderSort (0ms)
			DisableScriptedObjects (5ms)
			BackupInstance (0ms)
			ReleaseScriptingObjects (0ms)
			CreateAndSetChildDomain (42ms)
		EndReloadAssembly (771ms)
			LoadAssemblies (91ms)
			RebuildTransferFunctionScriptingTraits (0ms)
			SetupTypeCache (230ms)
			ReleaseScriptCaches (2ms)
			RebuildScriptCaches (51ms)
			SetupLoadedEditorAssemblies (351ms)
				LogAssemblyErrors (0ms)
				InitializePlatformSupportModulesInManaged (20ms)
				SetLoadedEditorAssemblies (0ms)
				RefreshPlugins (1ms)
				BeforeProcessingInitializeOnLoad (84ms)
				ProcessInitializeOnLoadAttributes (199ms)
				ProcessInitializeOnLoadMethodAttributes (41ms)
				AfterProcessingInitializeOnLoad (6ms)
				EditorAssembliesLoaded (0ms)
			ExecutionOrderSort2 (0ms)
			AwakeInstancesAfterBackupRestoration (8ms)
Platform modules already initialized, skipping
Refreshing native plugins compatible for Editor in 5.58 ms, found 4 plugins.
Preloading 0 native plugins for Editor in 0.00 ms.
Unloading 4345 Unused Serialized files (Serialized files now loaded: 0)
Unloading 48 unused Assets / (195.6 KB). Loaded Objects now: 4824.
Memory consumption went from 165.5 MB to 165.3 MB.
Total: 3.139800 ms (FindLiveObjects: 0.301100 ms CreateObjectMapping: 0.129500 ms MarkObjects: 2.534400 ms  DeleteObjects: 0.173200 ms)

AssetImportParameters requested are different than current active one (requested -> active):
  custom:video-decoder-ogg-theora: a1e56fd34408186e4bbccfd4996cb3dc -> 
  custom:container-muxer-webm: aa71ff27fc2769a1b78a27578f13a17b -> 
  custom:container-demuxer-webm: 4f35f7cbe854078d1ac9338744f61a02 -> 
  custom:video-encoder-webm-vp8: eb34c28f22e8b96e1ab97ce403110664 -> 
  custom:video-codec-MediaFoundation-h265: 746d11721c4dcdbdad8f713fa42b33f4 -> 
  custom:audio-encoder-webm-vorbis: bf7c407c2cedff20999df2af8eb42d56 -> 
  custom:framework-win-MediaFoundation: 216162199b28c13a410421893ffa2e32 -> 
  custom:container-demuxer-ogg: 62fdf1f143b41e24485cea50d1cbac27 -> 
  custom:video-decoder-webm-vp8: 9c59270c3fd7afecdb556c50c9e8de78 -> 
  custom:audio-decoder-ogg-vorbis: bf7c407c2cedff20999df2af8eb42d56 -> 
Editor requested this worker to shutdown with reason: Scaling down because of idle timeout
AssetImportWorker is now disconnected from the server
Process exiting
Exiting without the bug reporter. Application will terminate with return code 0